playerctld DBus service is already running
[ 12/29/2021 17:25:08.483 parse_kawase_blur_strength INFO ] blur-strength: 8 [.iter = 3, .offset = 5.000000, .expand = 50]
[ 12/29/2021 17:25:08.483 atom_getter DEBUG ] Atom _NET_WM_WINDOW_OPACITY is 405
[ 12/29/2021 17:25:08.483 atom_getter DEBUG ] Atom _NET_FRAME_EXTENTS is 291
[ 12/29/2021 17:25:08.483 atom_getter DEBUG ] Atom WM_STATE is 343
[ 12/29/2021 17:25:08.483 atom_getter DEBUG ] Atom _NET_WM_NAME is 297
[ 12/29/2021 17:25:08.483 atom_getter DEBUG ] Atom _NET_WM_PID is 298
[ 12/29/2021 17:25:08.483 atom_getter DEBUG ] Atom WM_NAME is 39
[ 12/29/2021 17:25:08.483 atom_getter DEBUG ] Atom WM_CLASS is 67
[ 12/29/2021 17:25:08.484 atom_getter DEBUG ] Atom WM_ICON_NAME is 37
[ 12/29/2021 17:25:08.484 atom_getter DEBUG ] Atom WM_TRANSIENT_FOR is 68
[ 12/29/2021 17:25:08.484 atom_getter DEBUG ] Atom WM_WINDOW_ROLE is 288
[ 12/29/2021 17:25:08.484 atom_getter DEBUG ] Atom WM_CLIENT_LEADER is 283
[ 12/29/2021 17:25:08.484 atom_getter DEBUG ] Atom WM_CLIENT_MACHINE is 36
[ 12/29/2021 17:25:08.484 atom_getter DEBUG ] Atom _NET_ACTIVE_WINDOW is 289
[ 12/29/2021 17:25:08.484 atom_getter DEBUG ] Atom _COMPTON_SHADOW is 406
[ 12/29/2021 17:25:08.484 atom_getter DEBUG ] Atom _NET_WM_WINDOW_TYPE is 313
[ 12/29/2021 17:25:08.484 atom_getter DEBUG ] Atom _NET_WM_WINDOW_TYPE_DESKTOP is 407
[ 12/29/2021 17:25:08.484 atom_getter DEBUG ] Atom _NET_WM_WINDOW_TYPE_DOCK is 408
[ 12/29/2021 17:25:08.484 atom_getter DEBUG ] Atom _NET_WM_WINDOW_TYPE_TOOLBAR is 409
[ 12/29/2021 17:25:08.484 atom_getter DEBUG ] Atom _NET_WM_WINDOW_TYPE_MENU is 318
[ 12/29/2021 17:25:08.484 atom_getter DEBUG ] Atom _NET_WM_WINDOW_TYPE_UTILITY is 322
[ 12/29/2021 17:25:08.484 atom_getter DEBUG ] Atom _NET_WM_WINDOW_TYPE_SPLASH is 410
[ 12/29/2021 17:25:08.484 atom_getter DEBUG ] Atom _NET_WM_WINDOW_TYPE_DIALOG is 315
[ 12/29/2021 17:25:08.484 atom_getter DEBUG ] Atom _NET_WM_WINDOW_TYPE_NORMAL is 319
[ 12/29/2021 17:25:08.484 atom_getter DEBUG ] Atom _NET_WM_WINDOW_TYPE_DROPDOWN_MENU is 317
[ 12/29/2021 17:25:08.484 atom_getter DEBUG ] Atom _NET_WM_WINDOW_TYPE_POPUP_MENU is 320
[ 12/29/2021 17:25:08.484 atom_getter DEBUG ] Atom _NET_WM_WINDOW_TYPE_TOOLTIP is 321
[ 12/29/2021 17:25:08.484 atom_getter DEBUG ] Atom _NET_WM_WINDOW_TYPE_NOTIFICATION is 411
[ 12/29/2021 17:25:08.484 atom_getter DEBUG ] Atom _NET_WM_WINDOW_TYPE_COMBO is 314
[ 12/29/2021 17:25:08.484 atom_getter DEBUG ] Atom _NET_WM_WINDOW_TYPE_DND is 316
[ 12/29/2021 17:25:08.484 atom_getter DEBUG ] Atom _NET_WM_STATE is 300
[ 12/29/2021 17:25:08.484 atom_getter DEBUG ] Atom _NET_WM_STATE_FULLSCREEN is 303
[ 12/29/2021 17:25:08.484 atom_getter DEBUG ] Atom _NET_WM_BYPASS_COMPOSITOR is 412
[ 12/29/2021 17:25:08.484 atom_getter DEBUG ] Atom UTF8_STRING is 282
[ 12/29/2021 17:25:08.484 atom_getter DEBUG ] Atom C_STRING is 413
[ 12/29/2021 17:25:08.484 atom_getter DEBUG ] Atom _GTK_FRAME_EXTENTS is 414
server does not have extension for -dpms option
[ 12/29/2021 17:25:08.485 atom_getter DEBUG ] Atom COMPTON_VERSION is 415
[ 12/29/2021 17:25:08.485 atom_getter DEBUG ] Atom _NET_WM_CM_S0 is 293
[ 12/29/2021 17:25:08.485 init_overlay DEBUG ] overlay = 0x0000029e
[ 12/29/2021 17:25:08.485 file_watch_init DEBUG ] Starting watching for file changes
[ 12/29/2021 17:25:08.485 file_watch_add DEBUG ] Adding "/home/fewcm/.config/picom/picom.conf" to watched files
[ 12/29/2021 17:25:08.485 add_win DEBUG ] Adding window 0x00400001
[ 12/29/2021 17:25:08.485 add_win DEBUG ] Adding window 0x00800001
[ 12/29/2021 17:25:08.485 add_win DEBUG ] Adding window 0x00c00004
[ 12/29/2021 17:25:08.485 session_init DEBUG ] Initial stack:
[ 12/29/2021 17:25:08.485 session_init DEBUG ] 0x00c00004
[ 12/29/2021 17:25:08.485 session_init DEBUG ] 0x00800001
[ 12/29/2021 17:25:08.485 session_init DEBUG ] 0x00400001
error, cannot load font from name: 'WenQuanYi Zen Hei Sharp:style=Regular:size=8;antialias=true:autohint=true'
Traceback (most recent call last):
  File "/usr/bin/indicator-sound-switcher", line 33, in <module>
    sys.exit(load_entry_point('indicator-sound-switcher==2.3.5.2', 'console_scripts', 'indicator-sound-switcher')())
  File "/usr/bin/indicator-sound-switcher", line 22, in importlib_load_entry_point
    for entry_point in distribution(dist_name).entry_points
  File "/usr/lib/python3.10/importlib/metadata/__init__.py", line 919, in distribution
    return Distribution.from_name(distribution_name)
  File "/usr/lib/python3.10/importlib/metadata/__init__.py", line 518, in from_name
    raise PackageNotFoundError(name)
importlib.metadata.PackageNotFoundError: No package metadata was found for indicator-sound-switcher
polybar|notice:  Parsing config file: /home/fewcm/.config/polybar/config
polybar|notice:  Parsing config file: /home/fewcm/.config/polybar/config
polybar|notice:  Loaded font "Iosevka Term:style=Regular:size=12" (name=Iosevka Term, offset=4, file=/home/fewcm/.local/share/fonts/TTF/Iosevka Term Nerd Font Complete.ttf)
polybar|notice:  Loaded font "Material Design Icons Desktop:style=Regular:size=14" (name=Material Design Icons Desktop, offset=4, file=/home/fewcm/.local/share/fonts/material-design-icons.ttf)
polybar|notice:  Loaded font "WenQuanYi Zen Hei,文泉驛正黑,文泉驿正黑:style=Regular:size=11" (name=WenQuanYi Zen Hei, offset=3, file=/usr/share/fonts/wenquanyi/wqy-zenhei/wqy-zenhei.ttc)
polybar|notice:  Loaded font "Iosevka Term:style=Regular:size=12" (name=Iosevka Term, offset=4, file=/home/fewcm/.local/share/fonts/TTF/Iosevka Term Nerd Font Complete.ttf)
polybar|notice:  Loaded font "Material Design Icons Desktop:style=Regular:size=14" (name=Material Design Icons Desktop, offset=4, file=/home/fewcm/.local/share/fonts/material-design-icons.ttf)
polybar|notice:  Loaded font "WenQuanYi Zen Hei,文泉驛正黑,文泉驿正黑:style=Regular:size=11" (name=WenQuanYi Zen Hei, offset=3, file=/usr/share/fonts/wenquanyi/wqy-zenhei/wqy-zenhei.ttc)
sh: line 1: /home/fewcm/bar.sh: No such file or directory
error, cannot load font from name: 'WenQuanYi Zen Hei Sharp:style=Regular:size=8;antialias=true:autohint=true'
polybar|notice:  Termination signal received, shutting down...
polybar|notice:  Termination signal received, shutting down...
sh: line 1: /home/fewcm/bar.sh: No such file or directory
polybar|notice:  Parsing config file: /home/fewcm/.config/polybar/config
polybar|notice:  Parsing config file: /home/fewcm/.config/polybar/config
polybar|notice:  Loaded font "Iosevka Term:style=Regular:size=12" (name=Iosevka Term, offset=4, file=/home/fewcm/.local/share/fonts/TTF/Iosevka Term Nerd Font Complete.ttf)
polybar|notice:  Loaded font "Material Design Icons Desktop:style=Regular:size=14" (name=Material Design Icons Desktop, offset=4, file=/home/fewcm/.local/share/fonts/material-design-icons.ttf)
polybar|notice:  Loaded font "WenQuanYi Zen Hei,文泉驛正黑,文泉驿正黑:style=Regular:size=11" (name=WenQuanYi Zen Hei, offset=3, file=/usr/share/fonts/wenquanyi/wqy-zenhei/wqy-zenhei.ttc)
polybar|notice:  Loaded font "Iosevka Term:style=Regular:size=12" (name=Iosevka Term, offset=4, file=/home/fewcm/.local/share/fonts/TTF/Iosevka Term Nerd Font Complete.ttf)
polybar|notice:  Loaded font "Material Design Icons Desktop:style=Regular:size=14" (name=Material Design Icons Desktop, offset=4, file=/home/fewcm/.local/share/fonts/material-design-icons.ttf)
polybar|notice:  Loaded font "WenQuanYi Zen Hei,文泉驛正黑,文泉驿正黑:style=Regular:size=11" (name=WenQuanYi Zen Hei, offset=3, file=/usr/share/fonts/wenquanyi/wqy-zenhei/wqy-zenhei.ttc)
