export DBUS_SESSION_BUS_ADDRESS="unix:path=/run/user/1000/bus"
export DESKTOP_SESSION="xinitrc"
export DISPLAY=":0"
export GTK3_MODULES="xapp-gtk3-module:xapp-gtk3-module"
export GTK_MODULES="canberra-gtk-module:canberra-gtk-module"
export HG="/usr/bin/hg"
export HOME="/home/fewcm"
export INVOCATION_ID="d754ae6ef178406cacfe73c97c0d552b"
export JOURNAL_STREAM="8:14280"
export LANG="en_US.UTF-8"
export LESSOPEN="|/usr/bin/lesspipe.sh %s"
export LOGNAME="fewcm"
export MAIL="/var/spool/mail/fewcm"
export MOTD_SHOWN="pam"
export OLDPWD
export PATH="/usr/local/sbin:/usr/local/bin:/usr/bin:/usr/bin/site_perl:/usr/bin/vendor_perl:/usr/bin/core_perl:/home/fewcm/.local/bin:/home/fewcm/.local/bin/dwm"
export PWD="/home/fewcm"
export SHELL="/bin/zsh"
export SHLVL="1"
export SYSTEMD_EXEC_PID="526"
export USER="fewcm"
export XAUTHORITY="/run/user/1000/Xauthority"
export XDG_CONFIG_HOME="/home/fewcm/.config"
export XDG_RUNTIME_DIR="/run/user/1000"
export XDG_SEAT="seat0"
export XDG_SESSION_CLASS="user"
export XDG_SESSION_ID="12"
export XDG_SESSION_TYPE="x11"
export XDG_VTNR="1"
export ZDOTDIR="/home/fewcm/.config/zsh"
A wired socket exists; taking ownership.  Existing wired processes will not receive CLI calls.
Acquired notification bus name.
Polybar launched...
DBus Init Success.
Polybar launched...
Polybar launched...
Polybar launched...
Polybar launched...
Polybar launched...
Polybar launched...
Opening in existing browser session.
Polybar launched...
Polybar launched...
Polybar launched...
Polybar launched...
Polybar launched...
Polybar launched...
Polybar launched...
Polybar launched...
